<<<<<<< HEAD
20250216	21:25:24	2d821c4e-4d1e-41e5-a9a8-1e4afd2efc72	GET	/services/:1234	http://localhost:5173
=======
20250216	11:34:50	b780f592-8450-4c5e-bf57-1aa8754b5f9f	GET	/services/:1234	http://localhost:5173
20250216	11:39:53	a9fe2118-ac2d-4588-b717-77dfaaeb1d87	GET	/services/:1234	http://localhost:5173
20250216	11:41:47	2577c730-131c-4264-b4b0-d6897333837f	GET	/services/:1234	http://localhost:5173
20250216	11:41:56	78427f81-c836-42f1-968e-54987f184ddb	GET	/services/:1234	http://localhost:5173
20250216	11:42:10	96cdacda-5c29-4f79-8c18-825f0afedf4a	GET	/services/:1234	http://localhost:5173
20250216	11:49:57	3a5a836a-bfca-4aa6-bdf4-3a0813c75c76	GET	/services/:1234	http://localhost:5173
20250216	20:26:55	ce78aac6-67fd-4f11-9233-500afe45d80d	GET	/services/:1234	http://localhost:5173
20250216	20:27:20	53ed9c6c-5326-4f06-8e71-025b160ba50c	GET	/services/:1234	http://localhost:5173
20250216	20:34:15	9ce537e6-2a2f-49c3-b43c-58386cbf30df	GET	/services/:1234	http://localhost:5173
20250216	20:39:29	95e86697-fcc5-41ac-b7bf-2ddbc18481ae	GET	/services/:1234	http://localhost:5173
20250216	20:40:26	17511240-917c-468a-b6d8-32aea15fa3bf	GET	/services/:1234	http://localhost:5173
20250216	20:42:01	1e716b7b-1edc-4230-8520-83b1ad12744c	GET	/services/:1234	http://localhost:5173
20250216	20:45:06	c99ca2eb-cb7d-4c78-8158-418cbe6114b9	GET	/services/:1234	http://localhost:5173
20250216	20:46:18	4703fec4-ca82-4659-a3b9-456750cf0a18	GET	/services/:1234	http://localhost:5173
20250216	20:46:20	079deeb0-34a2-4e3c-a080-73295bf29164	GET	/services/:1234	http://localhost:5173
20250216	20:46:37	dbc45de6-c63c-49d5-ae72-213be7b43d04	GET	/services/:1234	http://localhost:5173
20250216	20:46:45	34d514ee-392f-4319-953b-e7db1e44b979	GET	/services/:1234	http://localhost:5173
20250216	20:46:53	ec08b8f0-78cf-4119-b056-a24248d11cf7	GET	/services/:1234	http://localhost:5173
>>>>>>> 34a8a88145c887476ff16195b26f551c7dd10b31
